<?xml version="1.0" encoding="UTF-8"?>
<!-- Generated by org.testng.reporters.JUnitReportReporter -->
<testsuite hostname="DESKTOP-4QE61OJ" failures="0" tests="7" name="data_testing.CategoryTesting" time="14.342" errors="0" timestamp="2021-05-11T20:59:29 ICT" skipped="0">
  <testcase classname="data_testing.CategoryTesting" name="inValidAddCategoryID" time="4.696"/>
  <system-out/>
  <testcase classname="data_testing.CategoryTesting" name="inValidAddCategoryName" time="1.383"/>
  <system-out/>
  <testcase classname="data_testing.CategoryTesting" name="inValidAddCategoryID_Name" time="1.365"/>
  <system-out/>
  <testcase classname="data_testing.CategoryTesting" name="validAddCategory" time="1.726"/>
  <system-out/>
  <testcase classname="data_testing.CategoryTesting" name="inValidUpdateCategory" time="1.383"/>
  <system-out/>
  <testcase classname="data_testing.CategoryTesting" name="validUpdateCategory" time="1.540"/>
  <system-out/>
  <testcase classname="data_testing.CategoryTesting" name="toggleCategory" time="2.249"/>
  <system-out/>
</testsuite> <!-- data_testing.CategoryTesting -->
