<?xml version="1.0" encoding="UTF-8"?>
<!-- Generated by org.testng.reporters.JUnitReportReporter -->
<testsuite hostname="DESKTOP-4QE61OJ" failures="0" tests="4" name="login_testing.LoginTesting" time="1.311" errors="0" timestamp="2021-05-10T18:38:58 ICT" skipped="0">
  <testcase classname="login_testing.LoginTesting" name="inValidLoginEmail" time="0.918"/>
  <system-out/>
  <testcase classname="login_testing.LoginTesting" name="inValidLoginPassword" time="0.153"/>
  <system-out/>
  <testcase classname="login_testing.LoginTesting" name="inValidLoginEmail_Password" time="0.124"/>
  <system-out/>
  <testcase classname="login_testing.LoginTesting" name="validLogin" time="0.116"/>
  <system-out/>
</testsuite> <!-- login_testing.LoginTesting -->
