<?xml version="1.0" encoding="UTF-8"?>
<!-- Generated by org.testng.reporters.JUnitReportReporter -->
<testsuite hostname="DESKTOP-4QE61OJ" failures="0" tests="3" name="cart_testing.CheckCart" time="2.520" errors="0" timestamp="2021-05-09T18:27:43 ICT" skipped="0">
  <testcase classname="cart_testing.CheckCart" name="addProduct" time="1.271"/>
  <system-out/>
  <testcase classname="cart_testing.CheckCart" name="totalPrice" time="1.040"/>
  <system-out/>
  <testcase classname="cart_testing.CheckCart" name="deleteProduct" time="0.209"/>
  <system-out/>
</testsuite> <!-- cart_testing.CheckCart -->
