<?xml version="1.0" encoding="UTF-8"?>
<!-- Generated by org.testng.reporters.JUnitReportReporter -->
<testsuite hostname="DESKTOP-4QE61OJ" failures="0" tests="7" name="signIn_testing.InValidSignIn" time="1.844" errors="0" timestamp="2021-05-10T18:22:43 ICT" skipped="0">
  <testcase classname="signIn_testing.InValidSignIn" name="invalidSigninPassword" time="0.972"/>
  <system-out/>
  <testcase classname="signIn_testing.InValidSignIn" name="invalidSigninEmail" time="0.164"/>
  <system-out/>
  <testcase classname="signIn_testing.InValidSignIn" name="invalidSigninUsername" time="0.150"/>
  <system-out/>
  <testcase classname="signIn_testing.InValidSignIn" name="invalidSigninUsername_Email" time="0.159"/>
  <system-out/>
  <testcase classname="signIn_testing.InValidSignIn" name="invalidSigninUsername_Password" time="0.117"/>
  <system-out/>
  <testcase classname="signIn_testing.InValidSignIn" name="invalidSigninEmail_Password" time="0.130"/>
  <system-out/>
  <testcase classname="signIn_testing.InValidSignIn" name="invalidSignin" time="0.152"/>
  <system-out/>
</testsuite> <!-- signIn_testing.InValidSignIn -->
