<?xml version="1.0" encoding="UTF-8"?>
<!-- Generated by org.testng.reporters.JUnitReportReporter -->
<testsuite hostname="DESKTOP-4QE61OJ" failures="0" tests="1" name="data_testing.Employee" time="3.823" errors="0" timestamp="2021-05-09T21:36:28 ICT" skipped="0">
  <testcase classname="data_testing.Employee" name="addBook" time="3.823"/>
  <system-out/>
</testsuite> <!-- data_testing.Employee -->
