<?xml version="1.0" encoding="UTF-8"?>
<!-- Generated by org.testng.reporters.JUnitReportReporter -->
<testsuite hostname="DESKTOP-4QE61OJ" failures="0" tests="1" name="data_testing.BookTesting" time="2.716" errors="0" timestamp="2021-05-12T12:23:48 ICT" skipped="0">
  <testcase classname="data_testing.BookTesting" name="toggleBook" time="2.716"/>
  <system-out/>
</testsuite> <!-- data_testing.BookTesting -->
