<?xml version="1.0" encoding="UTF-8"?>
<!-- Generated by org.testng.reporters.JUnitReportReporter -->
<testsuite hostname="DESKTOP-4QE61OJ" failures="0" tests="18" name="data_testing.DataDriven" time="36.079" errors="0" timestamp="2021-05-09T17:18:44 ICT" skipped="0">
  <testcase classname="data_testing.DataDriven" name="getAccountData" time="0.745"/>
  <system-out/>
  <testcase classname="data_testing.DataDriven" name="getBookData" time="0.043"/>
  <system-out/>
  <testcase classname="data_testing.DataDriven" name="searchBook" time="2.329"/>
  <system-out/>
  <testcase classname="data_testing.DataDriven" name="searchBook" time="2.386"/>
  <system-out/>
  <testcase classname="data_testing.DataDriven" name="searchBook" time="2.283"/>
  <system-out/>
  <testcase classname="data_testing.DataDriven" name="searchBook" time="2.351"/>
  <system-out/>
  <testcase classname="data_testing.DataDriven" name="searchBook" time="2.528"/>
  <system-out/>
  <testcase classname="data_testing.DataDriven" name="searchBook" time="0.004"/>
  <system-out/>
  <testcase classname="data_testing.DataDriven" name="searchBook" time="2.300"/>
  <system-out/>
  <testcase classname="data_testing.DataDriven" name="searchBook" time="2.309"/>
  <system-out/>
  <testcase classname="data_testing.DataDriven" name="searchBook" time="2.370"/>
  <system-out/>
  <testcase classname="data_testing.DataDriven" name="searchBook" time="2.394"/>
  <system-out/>
  <testcase classname="data_testing.DataDriven" name="searchBook" time="2.303"/>
  <system-out/>
  <testcase classname="data_testing.DataDriven" name="searchBook" time="2.299"/>
  <system-out/>
  <testcase classname="data_testing.DataDriven" name="searchBook" time="2.376"/>
  <system-out/>
  <testcase classname="data_testing.DataDriven" name="searchBook" time="2.353"/>
  <system-out/>
  <testcase classname="data_testing.DataDriven" name="searchBook" time="2.337"/>
  <system-out/>
  <testcase classname="data_testing.DataDriven" name="searchBook" time="2.369"/>
  <system-out/>
</testsuite> <!-- data_testing.DataDriven -->
